#
# There is insufficient memory for the Java Runtime Environment to continue.
# Native memory allocation (malloc) failed to allocate 146896 bytes for Chunk::new
# Possible reasons:
#   The system is out of physical RAM or swap space
#   In 32 bit mode, the process size limit was hit
# Possible solutions:
#   Reduce memory load on the system
#   Increase physical memory or swap space
#   Check if swap backing store is full
#   Use 64 bit Java on a 64 bit OS
#   Decrease Java heap size (-Xmx/-Xms)
#   Decrease number of Java threads
#   Decrease Java thread stack sizes (-Xss)
#   Set larger code cache with -XX:ReservedCodeCacheSize=
# This output file may be truncated or incomplete.
#
#  Out of Memory Error (allocation.cpp:390), pid=17232, tid=0x00000000000044f4
#
# JRE version: Java(TM) SE Runtime Environment (8.0_191-b12) (build 1.8.0_191-b12)
# Java VM: Java HotSpot(TM) 64-Bit Server VM (25.191-b12 mixed mode windows-amd64 compressed oops)
# Failed to write core dump. Minidumps are not enabled by default on client versions of Windows
#

---------------  T H R E A D  ---------------

Current thread (0x0000000015605000):  JavaThread "C2 CompilerThread1" daemon [_thread_in_native, id=17652, stack(0x0000000016d70000,0x0000000016e70000)]

Stack: [0x0000000016d70000,0x0000000016e70000]
[error occurred during error reporting (printing stack bounds), id 0xc0000005]

Native frames: (J=compiled Java code, j=interpreted, Vv=VM code, C=native code)


Current CompileTask:
C2:  17536 1897 %     4       com.sun.javafx.geom.Path2D::append @ 5 (216 bytes)


---------------  P R O C E S S  ---------------

Java Threads: ( => current thread )
  0x00000000179d7800 JavaThread "Timer-0" daemon [_thread_blocked, id=14596, stack(0x0000000028dc0000,0x0000000028ec0000)]
  0x00000000179da000 JavaThread "Media Resource Disposer" daemon [_thread_blocked, id=8052, stack(0x0000000021c00000,0x0000000021d00000)]
  0x00000000179d4000 JavaThread "JFXMedia Player EventQueueThread" daemon [_thread_blocked, id=15420, stack(0x0000000020200000,0x0000000020300000)]
  0x00000000179d7000 JavaThread "JFXMedia Player EventQueueThread" daemon [_thread_blocked, id=13408, stack(0x000000001fb00000,0x000000001fc00000)]
  0x0000000016f94000 JavaThread "JFXMedia Player EventQueueThread" daemon [_thread_blocked, id=17044, stack(0x000000001f6f0000,0x000000001f7f0000)]
  0x0000000017aa6800 JavaThread "JFXMedia Player EventQueueThread" daemon [_thread_blocked, id=6976, stack(0x000000001eed0000,0x000000001efd0000)]
  0x00000000179f4000 JavaThread "Thread-5" [_thread_blocked, id=17236, stack(0x000000001e720000,0x000000001e820000)]
  0x0000000017820000 JavaThread "Prism Font Disposer" daemon [_thread_blocked, id=8488, stack(0x000000001e3c0000,0x000000001e4c0000)]
  0x00000000177e5000 JavaThread "Thread-3" daemon [_thread_in_native, id=12832, stack(0x000000001cc80000,0x000000001cd80000)]
  0x00000000177e0800 JavaThread "JavaFX-Launcher" [_thread_blocked, id=2652, stack(0x000000001cd80000,0x000000001ce80000)]
  0x0000000017763800 JavaThread "JavaFX Application Thread" [_thread_in_Java, id=5248, stack(0x0000000018280000,0x0000000018380000)]
  0x0000000017366000 JavaThread "Thread-1" daemon [_thread_blocked, id=11788, stack(0x0000000018180000,0x0000000018280000)]
  0x0000000017356800 JavaThread "QuantumRenderer-0" daemon [_thread_in_native, id=17892, stack(0x0000000017f50000,0x0000000018050000)]
  0x0000000016f90800 JavaThread "Service Thread" daemon [_thread_blocked, id=10932, stack(0x0000000017370000,0x0000000017470000)]
  0x000000001560a800 JavaThread "C1 CompilerThread2" daemon [_thread_blocked, id=17788, stack(0x0000000016e70000,0x0000000016f70000)]
=>0x0000000015605000 JavaThread "C2 CompilerThread1" daemon [_thread_in_native, id=17652, stack(0x0000000016d70000,0x0000000016e70000)]
  0x00000000155fd800 JavaThread "C2 CompilerThread0" daemon [_thread_blocked, id=6052, stack(0x0000000016c70000,0x0000000016d70000)]
  0x00000000155fb800 JavaThread "Attach Listener" daemon [_thread_blocked, id=5944, stack(0x0000000016b70000,0x0000000016c70000)]
  0x00000000155fa000 JavaThread "Signal Dispatcher" daemon [_thread_blocked, id=15796, stack(0x0000000016a70000,0x0000000016b70000)]
  0x0000000002feb000 JavaThread "Finalizer" daemon [_thread_blocked, id=13272, stack(0x0000000016870000,0x0000000016970000)]
  0x0000000002fe0000 JavaThread "Reference Handler" daemon [_thread_blocked, id=18072, stack(0x0000000016770000,0x0000000016870000)]
  0x0000000002eed800 JavaThread "main" [_thread_blocked, id=17204, stack(0x0000000002d70000,0x0000000002e70000)]

Other Threads:
  0x00000000155c8000 VMThread [stack: 0x0000000016670000,0x0000000016770000] [id=11808]
  0x0000000016fb1000 WatcherThread [stack: 0x0000000017470000,0x0000000017570000] [id=18340]

VM state:not at safepoint (normal execution)

VM Mutex/Monitor currently owned by a thread: None

Heap:
 PSYoungGen      total 18944K, used 8854K [0x00000000eb180000, 0x00000000ec680000, 0x0000000100000000)
  eden space 16384K, 54% used [0x00000000eb180000,0x00000000eba259f0,0x00000000ec180000)
  from space 2560K, 0% used [0x00000000ec400000,0x00000000ec400000,0x00000000ec680000)
  to   space 2560K, 0% used [0x00000000ec180000,0x00000000ec180000,0x00000000ec400000)
 ParOldGen       total 44032K, used 38166K [0x00000000c1400000, 0x00000000c3f00000, 0x00000000eb180000)
  object space 44032K, 86% used [0x00000000c1400000,0x00000000c3945900,0x00000000c3f00000)
 Metaspace       used 15919K, capacity 16614K, committed 16768K, reserved 1062912K
  class space    used 2243K, capacity 2426K, committed 2432K, reserved 1048576K

Card table byte_map: [0x00000000123b0000,0x00000000125b0000] byte_map_base: 0x0000000011da6000

Marking Bits: (ParMarkBitMap*) 0x0000000070ff3e30
 Begin Bits: [0x0000000012b00000, 0x0000000013ab0000)
 End Bits:   [0x0000000013ab0000, 0x0000000014a60000)

Polling page: 0x0000000001520000

CodeCache: size=245760Kb used=5559Kb max_used=5570Kb free=240200Kb
 bounds [0x0000000002ff0000, 0x0000000003570000, 0x0000000011ff0000]
 total_blobs=2571 nmethods=1901 adapters=582
 compilation: enabled

Compilation events (10 events):
Event: 17.516 Thread 0x000000001560a800 1911       3       com.sun.javafx.geom.Path2D$TxIterator::<init> (19 bytes)
Event: 17.517 Thread 0x000000001560a800 nmethod 1911 0x000000000354cd50 code [0x000000000354cec0, 0x000000000354d110]
Event: 17.517 Thread 0x000000001560a800 1912       3       com.sun.javafx.geom.Path2D::<init> (32 bytes)
Event: 17.518 Thread 0x000000001560a800 nmethod 1912 0x000000000354c890 code [0x000000000354ca00, 0x000000000354cc50]
Event: 17.518 Thread 0x000000001560a800 1913       3       com.sun.javafx.geom.Path2D::copyOf (19 bytes)
Event: 17.518 Thread 0x000000001560a800 nmethod 1913 0x000000000355e4d0 code [0x000000000355e640, 0x000000000355e968]
Event: 17.526 Thread 0x000000001560a800 1914       1       javafx.scene.Scene::access$2700 (5 bytes)
Event: 17.527 Thread 0x000000001560a800 nmethod 1914 0x000000000355ea90 code [0x000000000355ebe0, 0x000000000355ecd0]
Event: 17.527 Thread 0x000000001560a800 1915       1       com.sun.javafx.geom.transform.GeneralTransform3D::isIdentity (5 bytes)
Event: 17.528 Thread 0x000000001560a800 nmethod 1915 0x000000000355ed50 code [0x000000000355eea0, 0x000000000355efb0]

GC Heap History (10 events):
Event: 6.024 GC heap before
{Heap before GC invocations=2 (full 0):
 PSYoungGen      total 18944K, used 18472K [0x00000000eb180000, 0x00000000ec680000, 0x0000000100000000)
  eden space 16384K, 100% used [0x00000000eb180000,0x00000000ec180000,0x00000000ec180000)
  from space 2560K, 81% used [0x00000000ec180000,0x00000000ec38a050,0x00000000ec400000)
  to   space 2560K, 0% used [0x00000000ec400000,0x00000000ec400000,0x00000000ec680000)
 ParOldGen       total 44032K, used 16K [0x00000000c1400000, 0x00000000c3f00000, 0x00000000eb180000)
  object space 44032K, 0% used [0x00000000c1400000,0x00000000c1404000,0x00000000c3f00000)
 Metaspace       used 12712K, capacity 13258K, committed 13568K, reserved 1060864K
  class space    used 1771K, capacity 1952K, committed 2048K, reserved 1048576K
Event: 6.047 GC heap after
Heap after GC invocations=2 (full 0):
 PSYoungGen      total 18944K, used 2528K [0x00000000eb180000, 0x00000000ec680000, 0x0000000100000000)
  eden space 16384K, 0% used [0x00000000eb180000,0x00000000eb180000,0x00000000ec180000)
  from space 2560K, 98% used [0x00000000ec400000,0x00000000ec678020,0x00000000ec680000)
  to   space 2560K, 0% used [0x00000000ec180000,0x00000000ec180000,0x00000000ec400000)
 ParOldGen       total 44032K, used 877K [0x00000000c1400000, 0x00000000c3f00000, 0x00000000eb180000)
  object space 44032K, 1% used [0x00000000c1400000,0x00000000c14db408,0x00000000c3f00000)
 Metaspace       used 12712K, capacity 13258K, committed 13568K, reserved 1060864K
  class space    used 1771K, capacity 1952K, committed 2048K, reserved 1048576K
}
Event: 9.387 GC heap before
{Heap before GC invocations=3 (full 0):
 PSYoungGen      total 18944K, used 18912K [0x00000000eb180000, 0x00000000ec680000, 0x0000000100000000)
  eden space 16384K, 100% used [0x00000000eb180000,0x00000000ec180000,0x00000000ec180000)
  from space 2560K, 98% used [0x00000000ec400000,0x00000000ec678020,0x00000000ec680000)
  to   space 2560K, 0% used [0x00000000ec180000,0x00000000ec180000,0x00000000ec400000)
 ParOldGen       total 44032K, used 31477K [0x00000000c1400000, 0x00000000c3f00000, 0x00000000eb180000)
  object space 44032K, 71% used [0x00000000c1400000,0x00000000c32bd418,0x00000000c3f00000)
 Metaspace       used 14999K, capacity 15686K, committed 16000K, reserved 1062912K
  class space    used 2138K, capacity 2332K, committed 2432K, reserved 1048576K
Event: 9.467 GC heap after
Heap after GC invocations=3 (full 0):
 PSYoungGen      total 18944K, used 2556K [0x00000000eb180000, 0x00000000ec680000, 0x0000000100000000)
  eden space 16384K, 0% used [0x00000000eb180000,0x00000000eb180000,0x00000000ec180000)
  from space 2560K, 99% used [0x00000000ec180000,0x00000000ec3ff1b8,0x00000000ec400000)
  to   space 2560K, 0% used [0x00000000ec400000,0x00000000ec400000,0x00000000ec680000)
 ParOldGen       total 44032K, used 35512K [0x00000000c1400000, 0x00000000c3f00000, 0x00000000eb180000)
  object space 44032K, 80% used [0x00000000c1400000,0x00000000c36ae030,0x00000000c3f00000)
 Metaspace       used 14999K, capacity 15686K, committed 16000K, reserved 1062912K
  class space    used 2138K, capacity 2332K, committed 2432K, reserved 1048576K
}
Event: 13.723 GC heap before
{Heap before GC invocations=4 (full 0):
 PSYoungGen      total 18944K, used 18940K [0x00000000eb180000, 0x00000000ec680000, 0x0000000100000000)
  eden space 16384K, 100% used [0x00000000eb180000,0x00000000ec180000,0x00000000ec180000)
  from space 2560K, 99% used [0x00000000ec180000,0x00000000ec3ff1b8,0x00000000ec400000)
  to   space 2560K, 0% used [0x00000000ec400000,0x00000000ec400000,0x00000000ec680000)
 ParOldGen       total 44032K, used 35512K [0x00000000c1400000, 0x00000000c3f00000, 0x00000000eb180000)
  object space 44032K, 80% used [0x00000000c1400000,0x00000000c36ae030,0x00000000c3f00000)
 Metaspace       used 15459K, capacity 16152K, committed 16256K, reserved 1062912K
  class space    used 2187K, capacity 2377K, committed 2432K, reserved 1048576K
Event: 13.734 GC heap after
Heap after GC invocations=4 (full 0):
 PSYoungGen      total 18944K, used 2550K [0x00000000eb180000, 0x00000000ec680000, 0x0000000100000000)
  eden space 16384K, 0% used [0x00000000eb180000,0x00000000eb180000,0x00000000ec180000)
  from space 2560K, 99% used [0x00000000ec400000,0x00000000ec67dbd8,0x00000000ec680000)
  to   space 2560K, 0% used [0x00000000ec180000,0x00000000ec180000,0x00000000ec400000)
 ParOldGen       total 44032K, used 36688K [0x00000000c1400000, 0x00000000c3f00000, 0x00000000eb180000)
  object space 44032K, 83% used [0x00000000c1400000,0x00000000c37d4040,0x00000000c3f00000)
 Metaspace       used 15459K, capacity 16152K, committed 16256K, reserved 1062912K
  class space    used 2187K, capacity 2377K, committed 2432K, reserved 1048576K
}
Event: 13.734 GC heap before
{Heap before GC invocations=5 (full 1):
 PSYoungGen      total 18944K, used 2550K [0x00000000eb180000, 0x00000000ec680000, 0x0000000100000000)
  eden space 16384K, 0% used [0x00000000eb180000,0x00000000eb180000,0x00000000ec180000)
  from space 2560K, 99% used [0x00000000ec400000,0x00000000ec67dbd8,0x00000000ec680000)
  to   space 2560K, 0% used [0x00000000ec180000,0x00000000ec180000,0x00000000ec400000)
 ParOldGen       total 44032K, used 36688K [0x00000000c1400000, 0x00000000c3f00000, 0x00000000eb180000)
  object space 44032K, 83% used [0x00000000c1400000,0x00000000c37d4040,0x00000000c3f00000)
 Metaspace       used 15459K, capacity 16152K, committed 16256K, reserved 1062912K
  class space    used 2187K, capacity 2377K, committed 2432K, reserved 1048576K
Event: 13.814 GC heap after
Heap after GC invocations=5 (full 1):
 PSYoungGen      total 18944K, used 0K [0x00000000eb180000, 0x00000000ec680000, 0x0000000100000000)
  eden space 16384K, 0% used [0x00000000eb180000,0x00000000eb180000,0x00000000ec180000)
  from space 2560K, 0% used [0x00000000ec400000,0x00000000ec400000,0x00000000ec680000)
  to   space 2560K, 0% used [0x00000000ec180000,0x00000000ec180000,0x00000000ec400000)
 ParOldGen       total 44032K, used 38121K [0x00000000c1400000, 0x00000000c3f00000, 0x00000000eb180000)
  object space 44032K, 86% used [0x00000000c1400000,0x00000000c393a788,0x00000000c3f00000)
 Metaspace       used 15459K, capacity 16152K, committed 16256K, reserved 1062912K
  class space    used 2187K, capacity 2377K, committed 2432K, reserved 1048576K
}
Event: 16.770 GC heap before
{Heap before GC invocations=6 (full 2):
 PSYoungGen      total 18944K, used 16384K [0x00000000eb180000, 0x00000000ec680000, 0x0000000100000000)
  eden space 16384K, 100% used [0x00000000eb180000,0x00000000ec180000,0x00000000ec180000)
  from space 2560K, 0% used [0x00000000ec400000,0x00000000ec400000,0x00000000ec680000)
  to   space 2560K, 0% used [0x00000000ec180000,0x00000000ec180000,0x00000000ec400000)
 ParOldGen       total 44032K, used 38121K [0x00000000c1400000, 0x00000000c3f00000, 0x00000000eb180000)
  object space 44032K, 86% used [0x00000000c1400000,0x00000000c393a788,0x00000000c3f00000)
 Metaspace       used 15797K, capacity 16486K, committed 16512K, reserved 1062912K
  class space    used 2237K, capacity 2426K, committed 2432K, reserved 1048576K
Event: 16.964 GC heap after
Heap after GC invocations=6 (full 2):
 PSYoungGen      total 18944K, used 0K [0x00000000eb180000, 0x00000000ec680000, 0x0000000100000000)
  eden space 16384K, 0% used [0x00000000eb180000,0x00000000eb180000,0x00000000ec180000)
  from space 2560K, 0% used [0x00000000ec400000,0x00000000ec400000,0x00000000ec680000)
  to   space 2560K, 0% used [0x00000000ec180000,0x00000000ec180000,0x00000000ec400000)
 ParOldGen       total 44032K, used 38166K [0x00000000c1400000, 0x00000000c3f00000, 0x00000000eb180000)
  object space 44032K, 86% used [0x00000000c1400000,0x00000000c3945900,0x00000000c3f00000)
 Metaspace       used 15797K, capacity 16486K, committed 16512K, reserved 1062912K
  class space    used 2237K, capacity 2426K, committed 2432K, reserved 1048576K
}

Deoptimization events (10 events):
Event: 7.706 Thread 0x0000000017763800 Uncommon trap: reason=unstable_if action=reinterpret pc=0x0000000003303150 method=java.lang.String.startsWith(Ljava/lang/String;I)Z @ 25
Event: 8.064 Thread 0x0000000017356800 Uncommon trap: reason=class_check action=maybe_recompile pc=0x00000000033ab504 method=java.io.BufferedInputStream.read1([BII)I @ 39
Event: 8.064 Thread 0x0000000017356800 Uncommon trap: reason=unstable_if action=reinterpret pc=0x00000000033ab010 method=java.io.BufferedInputStream.fill()V @ 219
Event: 8.360 Thread 0x0000000017356800 Uncommon trap: reason=class_check action=maybe_recompile pc=0x00000000033a3e18 method=java.io.BufferedInputStream.read1([BII)I @ 39
Event: 8.360 Thread 0x0000000017356800 Uncommon trap: reason=unstable_if action=reinterpret pc=0x00000000033a3cc0 method=java.io.BufferedInputStream.fill()V @ 219
Event: 16.479 Thread 0x0000000017763800 Uncommon trap: reason=unstable_if action=reinterpret pc=0x000000000330f128 method=jdk.internal.org.objectweb.asm.Type.getArgumentsAndReturnSizes(Ljava/lang/String;)I @ 47
Event: 17.161 Thread 0x0000000017356800 Uncommon trap: reason=class_check action=maybe_recompile pc=0x0000000003498078 method=com.sun.javafx.geom.Path2D$TxIterator.currentSegment([F)I @ 40
Event: 17.162 Thread 0x0000000017356800 Uncommon trap: reason=class_check action=maybe_recompile pc=0x0000000003498078 method=com.sun.javafx.geom.Path2D$TxIterator.currentSegment([F)I @ 40
Event: 17.162 Thread 0x0000000017356800 Uncommon trap: reason=class_check action=maybe_recompile pc=0x0000000003498078 method=com.sun.javafx.geom.Path2D$TxIterator.currentSegment([F)I @ 40
Event: 17.162 Thread 0x0000000017356800 Uncommon trap: reason=class_check action=maybe_recompile pc=0x0000000003498078 method=com.sun.javafx.geom.Path2D$TxIterator.currentSegment([F)I @ 40

Classes redefined (0 events):
No events

Internal exceptions (10 events):
Event: 12.241 Thread 0x0000000017356800 Exception <a 'java/lang/NullPointerException'> (0x00000000eb9e6038) thrown at [C:\re\workspace\8-2-build-windows-amd64-cygwin\jdk8u191\11896\hotspot\src\share\vm\interpreter\linkResolver.cpp, line 1287]
Event: 12.556 Thread 0x0000000017356800 Exception <a 'java/lang/NullPointerException'> (0x00000000ebbc6658) thrown at [C:\re\workspace\8-2-build-windows-amd64-cygwin\jdk8u191\11896\hotspot\src\share\vm\interpreter\linkResolver.cpp, line 1287]
Event: 13.684 Thread 0x0000000017356800 Exception <a 'java/lang/NullPointerException'> (0x00000000ec0dbcd0) thrown at [C:\re\workspace\8-2-build-windows-amd64-cygwin\jdk8u191\11896\hotspot\src\share\vm\interpreter\linkResolver.cpp, line 1287]
Event: 13.720 Thread 0x0000000017356800 Exception <a 'java/lang/NullPointerException'> (0x00000000ec162778) thrown at [C:\re\workspace\8-2-build-windows-amd64-cygwin\jdk8u191\11896\hotspot\src\share\vm\interpreter\linkResolver.cpp, line 1287]
Event: 13.940 Thread 0x0000000017356800 Exception <a 'java/lang/NullPointerException'> (0x00000000eb27bab0) thrown at [C:\re\workspace\8-2-build-windows-amd64-cygwin\jdk8u191\11896\hotspot\src\share\vm\interpreter\linkResolver.cpp, line 1287]
Event: 16.527 Thread 0x0000000017356800 Exception <a 'java/lang/NullPointerException'> (0x00000000ebecdfb8) thrown at [C:\re\workspace\8-2-build-windows-amd64-cygwin\jdk8u191\11896\hotspot\src\share\vm\interpreter\linkResolver.cpp, line 1287]
Event: 16.672 Thread 0x0000000017356800 Exception <a 'java/lang/NullPointerException'> (0x00000000ebf73368) thrown at [C:\re\workspace\8-2-build-windows-amd64-cygwin\jdk8u191\11896\hotspot\src\share\vm\interpreter\linkResolver.cpp, line 1287]
Event: 16.695 Thread 0x0000000017356800 Exception <a 'java/lang/NullPointerException'> (0x00000000ec0219c0) thrown at [C:\re\workspace\8-2-build-windows-amd64-cygwin\jdk8u191\11896\hotspot\src\share\vm\interpreter\linkResolver.cpp, line 1287]
Event: 16.720 Thread 0x0000000017356800 Exception <a 'java/lang/NullPointerException'> (0x00000000ec0b01a8) thrown at [C:\re\workspace\8-2-build-windows-amd64-cygwin\jdk8u191\11896\hotspot\src\share\vm\interpreter\linkResolver.cpp, line 1287]
Event: 16.743 Thread 0x0000000017356800 Exception <a 'java/lang/NullPointerException'> (0x00000000ec110f70) thrown at [C:\re\workspace\8-2-build-windows-amd64-cygwin\jdk8u191\11896\hotspot\src\share\vm\interpreter\linkResolver.cpp, line 1287]

Events (10 events):
Event: 17.451 Thread 0x00000000179d8800 Thread added: 0x00000000179d8800
Event: 17.452 Thread 0x00000000179d8800 Thread exited: 0x00000000179d8800
Event: 17.452 Thread 0x00000000179da800 Thread added: 0x00000000179da800
Event: 17.452 Thread 0x00000000179da800 Thread exited: 0x00000000179da800
Event: 17.492 Thread 0x00000000179d5800 Thread added: 0x00000000179d5800
Event: 17.499 Thread 0x00000000179d5800 Thread exited: 0x00000000179d5800
Event: 17.500 Thread 0x00000000179da800 Thread added: 0x00000000179da800
Event: 17.500 Thread 0x00000000179da800 Thread exited: 0x00000000179da800
Event: 17.520 Thread 0x00000000179d5800 Thread added: 0x00000000179d5800
Event: 17.529 Thread 0x00000000179d5800 Thread exited: 0x00000000179d5800


Dynamic libraries:
0x00007ff778d30000 - 0x00007ff778d67000 	C:\Program Files\Java\jre1.8.0_191\bin\javaw.exe
0x00007ffab37e0000 - 0x00007ffab39cd000 	C:\WINDOWS\SYSTEM32\ntdll.dll
0x00007ffaa63f0000 - 0x00007ffaa6404000 	C:\Program Files\AVAST Software\Avast\x64\aswhooka.dll
0x00007ffab0e30000 - 0x00007ffab0ee3000 	C:\WINDOWS\System32\KERNEL32.DLL
0x00007ffab06f0000 - 0x00007ffab0983000 	C:\WINDOWS\System32\KERNELBASE.dll
0x00007ffab3680000 - 0x00007ffab3723000 	C:\WINDOWS\System32\ADVAPI32.dll
0x00007ffab1720000 - 0x00007ffab17be000 	C:\WINDOWS\System32\msvcrt.dll
0x00007ffab0ef0000 - 0x00007ffab0f8e000 	C:\WINDOWS\System32\sechost.dll
0x00007ffab0b00000 - 0x00007ffab0c23000 	C:\WINDOWS\System32\RPCRT4.dll
0x00007ffab34e0000 - 0x00007ffab3677000 	C:\WINDOWS\System32\USER32.dll
0x00007ffaafaf0000 - 0x00007ffaafb10000 	C:\WINDOWS\System32\win32u.dll
0x00007ffab1270000 - 0x00007ffab1299000 	C:\WINDOWS\System32\GDI32.dll
0x00007ffaafb10000 - 0x00007ffaafcaa000 	C:\WINDOWS\System32\gdi32full.dll
0x00007ffaaf900000 - 0x00007ffaaf9a0000 	C:\WINDOWS\System32\msvcp_win.dll
0x00007ffaaf9a0000 - 0x00007ffaafa9c000 	C:\WINDOWS\System32\ucrtbase.dll
0x00007ffaa0710000 - 0x00007ffaa0989000 	C:\WINDOWS\WinSxS\amd64_microsoft.windows.common-controls_6595b64144ccf1df_6.0.17763.134_none_05b3373a07211a5c\COMCTL32.dll
0x00007ffab2e20000 - 0x00007ffab314d000 	C:\WINDOWS\System32\combase.dll
0x00007ffab0990000 - 0x00007ffab0a0e000 	C:\WINDOWS\System32\bcryptPrimitives.dll
0x00007ffab1080000 - 0x00007ffab10ae000 	C:\WINDOWS\System32\IMM32.DLL
0x0000000070610000 - 0x00000000706e2000 	C:\Program Files\Java\jre1.8.0_191\bin\msvcr100.dll
0x00000000707d0000 - 0x0000000071074000 	C:\Program Files\Java\jre1.8.0_191\bin\server\jvm.dll
0x00007ffab1070000 - 0x00007ffab1078000 	C:\WINDOWS\System32\PSAPI.DLL
0x00007ffaab7b0000 - 0x00007ffaab7b9000 	C:\WINDOWS\SYSTEM32\WSOCK32.dll
0x00007ffab0a70000 - 0x00007ffab0add000 	C:\WINDOWS\System32\WS2_32.dll
0x00007ffaac060000 - 0x00007ffaac084000 	C:\WINDOWS\SYSTEM32\WINMM.dll
0x00007ffaa1750000 - 0x00007ffaa175a000 	C:\WINDOWS\SYSTEM32\VERSION.dll
0x00007ffaac030000 - 0x00007ffaac05d000 	C:\WINDOWS\SYSTEM32\WINMMBASE.dll
0x00007ffaaf8b0000 - 0x00007ffaaf8fa000 	C:\WINDOWS\System32\cfgmgr32.dll
0x00000000716d0000 - 0x00000000716df000 	C:\Program Files\Java\jre1.8.0_191\bin\verify.dll
0x00000000716a0000 - 0x00000000716c9000 	C:\Program Files\Java\jre1.8.0_191\bin\java.dll
0x0000000071680000 - 0x0000000071696000 	C:\Program Files\Java\jre1.8.0_191\bin\zip.dll
0x00007ffab1930000 - 0x00007ffab2e1f000 	C:\WINDOWS\System32\SHELL32.dll
0x00007ffab3280000 - 0x00007ffab3328000 	C:\WINDOWS\System32\shcore.dll
0x00007ffaafcb0000 - 0x00007ffab03f8000 	C:\WINDOWS\System32\windows.storage.dll
0x00007ffaaf860000 - 0x00007ffaaf884000 	C:\WINDOWS\System32\profapi.dll
0x00007ffaaf800000 - 0x00007ffaaf85d000 	C:\WINDOWS\System32\powrprof.dll
0x00007ffab1210000 - 0x00007ffab1262000 	C:\WINDOWS\System32\shlwapi.dll
0x00007ffaaf7e0000 - 0x00007ffaaf7f1000 	C:\WINDOWS\System32\kernel.appcore.dll
0x00007ffaafaa0000 - 0x00007ffaafab7000 	C:\WINDOWS\System32\cryptsp.dll
0x0000000002d30000 - 0x0000000002d33000 	C:\Program Files\Java\jre1.8.0_191\bin\api-ms-win-core-console-l1-1-0.dll
0x0000000002d40000 - 0x0000000002d43000 	C:\Program Files\Java\jre1.8.0_191\bin\api-ms-win-core-datetime-l1-1-0.dll
0x0000000002d50000 - 0x0000000002d53000 	C:\Program Files\Java\jre1.8.0_191\bin\api-ms-win-core-debug-l1-1-0.dll
0x0000000002e70000 - 0x0000000002e73000 	C:\Program Files\Java\jre1.8.0_191\bin\api-ms-win-core-errorhandling-l1-1-0.dll
0x0000000002e80000 - 0x0000000002e84000 	C:\Program Files\Java\jre1.8.0_191\bin\api-ms-win-core-file-l1-1-0.dll
0x0000000002e90000 - 0x0000000002e93000 	C:\Program Files\Java\jre1.8.0_191\bin\api-ms-win-core-file-l1-2-0.dll
0x0000000002ea0000 - 0x0000000002ea3000 	C:\Program Files\Java\jre1.8.0_191\bin\api-ms-win-core-file-l2-1-0.dll
0x0000000002eb0000 - 0x0000000002eb3000 	C:\Program Files\Java\jre1.8.0_191\bin\api-ms-win-core-handle-l1-1-0.dll
0x0000000002ec0000 - 0x0000000002ec3000 	C:\Program Files\Java\jre1.8.0_191\bin\api-ms-win-core-heap-l1-1-0.dll
0x0000000002ed0000 - 0x0000000002ed3000 	C:\Program Files\Java\jre1.8.0_191\bin\api-ms-win-core-interlocked-l1-1-0.dll
0x0000000017570000 - 0x0000000017573000 	C:\Program Files\Java\jre1.8.0_191\bin\api-ms-win-core-libraryloader-l1-1-0.dll
0x0000000017580000 - 0x0000000017583000 	C:\Program Files\Java\jre1.8.0_191\bin\api-ms-win-core-localization-l1-2-0.dll
0x0000000017590000 - 0x0000000017593000 	C:\Program Files\Java\jre1.8.0_191\bin\api-ms-win-core-memory-l1-1-0.dll
0x00000000175a0000 - 0x00000000175a3000 	C:\Program Files\Java\jre1.8.0_191\bin\api-ms-win-core-namedpipe-l1-1-0.dll
0x00000000175b0000 - 0x00000000175b3000 	C:\Program Files\Java\jre1.8.0_191\bin\api-ms-win-core-processenvironment-l1-1-0.dll
0x00000000175c0000 - 0x00000000175c3000 	C:\Program Files\Java\jre1.8.0_191\bin\api-ms-win-core-processthreads-l1-1-0.dll
0x00000000175d0000 - 0x00000000175d3000 	C:\Program Files\Java\jre1.8.0_191\bin\api-ms-win-core-processthreads-l1-1-1.dll
0x00000000175e0000 - 0x00000000175e3000 	C:\Program Files\Java\jre1.8.0_191\bin\api-ms-win-core-profile-l1-1-0.dll
0x00000000175f0000 - 0x00000000175f3000 	C:\Program Files\Java\jre1.8.0_191\bin\api-ms-win-core-rtlsupport-l1-1-0.dll
0x0000000017600000 - 0x0000000017603000 	C:\Program Files\Java\jre1.8.0_191\bin\api-ms-win-core-string-l1-1-0.dll
0x0000000017610000 - 0x0000000017613000 	C:\Program Files\Java\jre1.8.0_191\bin\api-ms-win-core-synch-l1-1-0.dll
0x0000000017620000 - 0x0000000017623000 	C:\Program Files\Java\jre1.8.0_191\bin\api-ms-win-core-synch-l1-2-0.dll
0x0000000017630000 - 0x0000000017633000 	C:\Program Files\Java\jre1.8.0_191\bin\api-ms-win-core-sysinfo-l1-1-0.dll
0x0000000017640000 - 0x0000000017643000 	C:\Program Files\Java\jre1.8.0_191\bin\api-ms-win-core-timezone-l1-1-0.dll
0x0000000017650000 - 0x0000000017653000 	C:\Program Files\Java\jre1.8.0_191\bin\api-ms-win-core-util-l1-1-0.dll
0x0000000017660000 - 0x0000000017663000 	C:\Program Files\Java\jre1.8.0_191\bin\api-ms-win-crt-conio-l1-1-0.dll
0x0000000017670000 - 0x0000000017674000 	C:\Program Files\Java\jre1.8.0_191\bin\api-ms-win-crt-convert-l1-1-0.dll
0x0000000017680000 - 0x0000000017683000 	C:\Program Files\Java\jre1.8.0_191\bin\api-ms-win-crt-environment-l1-1-0.dll
0x0000000017690000 - 0x0000000017693000 	C:\Program Files\Java\jre1.8.0_191\bin\api-ms-win-crt-filesystem-l1-1-0.dll
0x00000000176a0000 - 0x00000000176a3000 	C:\Program Files\Java\jre1.8.0_191\bin\api-ms-win-crt-heap-l1-1-0.dll
0x00000000176b0000 - 0x00000000176b3000 	C:\Program Files\Java\jre1.8.0_191\bin\api-ms-win-crt-locale-l1-1-0.dll
0x00000000176c0000 - 0x00000000176c5000 	C:\Program Files\Java\jre1.8.0_191\bin\api-ms-win-crt-math-l1-1-0.dll
0x00000000176d0000 - 0x00000000176d5000 	C:\Program Files\Java\jre1.8.0_191\bin\api-ms-win-crt-multibyte-l1-1-0.dll
0x00000000176e0000 - 0x00000000176f0000 	C:\Program Files\Java\jre1.8.0_191\bin\api-ms-win-crt-private-l1-1-0.dll
0x00000000176f0000 - 0x00000000176f3000 	C:\Program Files\Java\jre1.8.0_191\bin\api-ms-win-crt-process-l1-1-0.dll
0x0000000017700000 - 0x0000000017704000 	C:\Program Files\Java\jre1.8.0_191\bin\api-ms-win-crt-runtime-l1-1-0.dll
0x0000000017710000 - 0x0000000017714000 	C:\Program Files\Java\jre1.8.0_191\bin\api-ms-win-crt-stdio-l1-1-0.dll
0x0000000017720000 - 0x0000000017724000 	C:\Program Files\Java\jre1.8.0_191\bin\api-ms-win-crt-string-l1-1-0.dll
0x0000000017730000 - 0x0000000017733000 	C:\Program Files\Java\jre1.8.0_191\bin\api-ms-win-crt-time-l1-1-0.dll
0x0000000017740000 - 0x0000000017743000 	C:\Program Files\Java\jre1.8.0_191\bin\api-ms-win-crt-utility-l1-1-0.dll
0x00007ffa84d60000 - 0x00007ffa84e56000 	C:\Program Files\Java\jre1.8.0_191\bin\ucrtbase.dll
0x00007ffaa4ee0000 - 0x00007ffaa4ef6000 	C:\Program Files\Java\jre1.8.0_191\bin\vcruntime140.dll
0x00007ffa8d120000 - 0x00007ffa8d1bc000 	C:\Program Files\Java\jre1.8.0_191\bin\msvcp140.dll
0x00007ffa9a600000 - 0x00007ffa9a651000 	C:\Program Files\Java\jre1.8.0_191\bin\concrt140.dll
0x00000000705e0000 - 0x0000000070603000 	C:\Program Files\Java\jre1.8.0_191\bin\prism_d3d.dll
0x00007ffa8a450000 - 0x00007ffa8a5ee000 	C:\WINDOWS\system32\d3d9.dll
0x00007ffaadc80000 - 0x00007ffaadcae000 	C:\WINDOWS\SYSTEM32\dwmapi.dll
0x00007ffab0460000 - 0x00007ffab063b000 	C:\WINDOWS\System32\CRYPT32.dll
0x00007ffaaf890000 - 0x00007ffaaf8a2000 	C:\WINDOWS\System32\MSASN1.dll
0x00007ffaad9d0000 - 0x00007ffaada6c000 	C:\WINDOWS\system32\uxtheme.dll
0x00007ffa6dbc0000 - 0x00007ffa700fd000 	C:\WINDOWS\SYSTEM32\igdumdim64.dll
0x00007ffab0f90000 - 0x00007ffab105b000 	C:\WINDOWS\System32\OLEAUT32.dll
0x00007ffab10b0000 - 0x00007ffab1205000 	C:\WINDOWS\System32\ole32.dll
0x00007ffab12a0000 - 0x00007ffab1715000 	C:\WINDOWS\System32\SETUPAPI.dll
0x00007ffaafac0000 - 0x00007ffaafae6000 	C:\WINDOWS\System32\bcrypt.dll
0x0000000070590000 - 0x00000000705d9000 	C:\Program Files\Java\jre1.8.0_191\bin\glass.dll
0x00007ffab3150000 - 0x00007ffab3277000 	C:\WINDOWS\System32\COMDLG32.dll
0x00007ffab17c0000 - 0x00007ffab192a000 	C:\WINDOWS\System32\MSCTF.dll
0x00007ffaa8330000 - 0x00007ffaa8d6f000 	C:\WINDOWS\SYSTEM32\igdusc64.dll
0x0000000071420000 - 0x0000000071434000 	C:\Program Files\Java\jre1.8.0_191\bin\javafx_font.dll
0x00007ffaa4630000 - 0x00007ffaa492f000 	C:\WINDOWS\SYSTEM32\dwrite.dll
0x00007ffaae9d0000 - 0x00007ffaaea03000 	C:\WINDOWS\system32\rsaenh.dll
0x00007ffaaf6e0000 - 0x00007ffaaf708000 	C:\WINDOWS\SYSTEM32\USERENV.dll
0x00007ffaaf240000 - 0x00007ffaaf24c000 	C:\WINDOWS\SYSTEM32\CRYPTBASE.dll
0x0000000071660000 - 0x000000007167a000 	C:\Program Files\Java\jre1.8.0_191\bin\net.dll
0x00007ffaaf070000 - 0x00007ffaaf0d7000 	C:\WINDOWS\system32\mswsock.dll
0x00007ffaaedd0000 - 0x00007ffaaee0d000 	C:\WINDOWS\SYSTEM32\IPHLPAPI.DLL
0x00007ffab0e20000 - 0x00007ffab0e28000 	C:\WINDOWS\System32\NSI.dll
0x00007ffaa3440000 - 0x00007ffaa3456000 	C:\WINDOWS\SYSTEM32\dhcpcsvc6.DLL
0x00007ffaa58f0000 - 0x00007ffaa590c000 	C:\WINDOWS\SYSTEM32\dhcpcsvc.DLL
0x00007ffaaee20000 - 0x00007ffaaeee6000 	C:\WINDOWS\SYSTEM32\DNSAPI.dll
0x0000000071640000 - 0x0000000071651000 	C:\Program Files\Java\jre1.8.0_191\bin\nio.dll
0x00000000704e0000 - 0x0000000070583000 	C:\Program Files\Java\jre1.8.0_191\bin\glib-lite.dll
0x0000000070400000 - 0x00000000704e0000 	C:\Program Files\Java\jre1.8.0_191\bin\gstreamer-lite.dll
0x00007ffa8b110000 - 0x00007ffa8b1a6000 	C:\WINDOWS\SYSTEM32\DSOUND.dll
0x00000000703d0000 - 0x00000000703f7000 	C:\Program Files\Java\jre1.8.0_191\bin\jfxmedia.dll
0x00007ffab0c30000 - 0x00007ffab0cd2000 	C:\WINDOWS\System32\clbcatq.dll
0x00007ffaab950000 - 0x00007ffaabaf8000 	C:\WINDOWS\system32\propsys.dll
0x0000000070390000 - 0x00000000703c1000 	C:\Program Files\Java\jre1.8.0_191\bin\fxplugins.dll
0x00007ffaa5db0000 - 0x00007ffaa5e20000 	C:\WINDOWS\System32\MMDevApi.dll
0x00007ffaaf5f0000 - 0x00007ffaaf619000 	C:\WINDOWS\System32\DEVOBJ.dll
0x00007ffaa5ed0000 - 0x00007ffaa6018000 	C:\WINDOWS\SYSTEM32\AUDIOSES.DLL
0x00007ffaab570000 - 0x00007ffaab6c3000 	C:\WINDOWS\SYSTEM32\wintypes.dll
0x00007ffaab4e0000 - 0x00007ffaab4ea000 	C:\WINDOWS\SYSTEM32\AVRT.dll
0x00007ffaadd90000 - 0x00007ffaadda4000 	C:\WINDOWS\SYSTEM32\resourcepolicyclient.dll
0x00007ffaa4eb0000 - 0x00007ffaa4eda000 	C:\Windows\System32\qasf.dll
0x00007ffa92140000 - 0x00007ffa92392000 	C:\Windows\System32\WMVCore.DLL
0x00007ffaa6110000 - 0x00007ffaa611b000 	C:\Windows\System32\msdmo.dll
0x00007ffa9f500000 - 0x00007ffa9f555000 	C:\Windows\System32\WMASF.DLL

VM Arguments:
jvm_args: -Dfile.encoding=Cp1252 
java_command: application.Main
java_class_path (initial): C:\Users\60304000\.p2\pool\plugins\org.eclipse.fx.ide.css.jfx8_3.0.0.201705220750.jar;C:\Users\60304000\eclipse-workspace\Animal-Rescue\bin
Launcher Type: SUN_STANDARD

Environment Variables:
PATH=C:/Program Files/Java/jre1.8.0_191/bin/server;C:/Program Files/Java/jre1.8.0_191/bin;C:/Program Files/Java/jre1.8.0_191/lib/amd64;C:\Program Files (x86)\Common Files\Oracle\Java\javapath;C:\WINDOWS\system32;C:\WINDOWS;C:\WINDOWS\System32\Wbem;C:\WINDOWS\System32\WindowsPowerShell\v1.0\;C:\WINDOWS\System32\OpenSSH\;C:\Program Files\Git\cmd;C:\Users\60304000\AppData\Local\Programs\Python\Python36\Scripts\;C:\Users\60304000\AppData\Local\Programs\Python\Python36\;C:\Users\60304000\AppData\Local\Programs\Python\Python37-32;C:\Users\60304000\AppData\Local\Programs\Python\Python37-32\Scripts;C:\Users\60304000\AppData\Local\Microsoft\WindowsApps;;C:\Users\60304000\Desktop;
USERNAME=60304000
OS=Windows_NT
PROCESSOR_IDENTIFIER=Intel64 Family 6 Model 61 Stepping 4, GenuineIntel



---------------  S Y S T E M  ---------------

OS: Windows 10.0 , 64 bit Build 17763 (10.0.17763.1)

CPU:total 4 (initial active 4) (2 cores per cpu, 2 threads per core) family 6 model 61 stepping 4, cmov, cx8, fxsr, mmx, sse, sse2, sse3, ssse3, sse4.1, sse4.2, popcnt, avx, avx2, aes, clmul, erms, 3dnowpref, lzcnt, ht, tsc, tscinvbit, bmi1, bmi2, adx

Memory: 4k page, physical 4109668k(337632k free), swap 16692580k(3504k free)

vm_info: Java HotSpot(TM) 64-Bit Server VM (25.191-b12) for windows-amd64 JRE (1.8.0_191-b12), built on Oct  6 2018 09:29:03 by "java_re" with MS VC++ 10.0 (VS2010)

time: Sat Dec 08 18:20:53 2018
elapsed time: 17 seconds (0d 0h 0m 17s)

